<?xml version="1.0" encoding="UTF-8"?>
<!-- Generated by org.testng.reporters.JUnitReportReporter -->
<testsuite hostname="MA" failures="0" tests="2" name="com.automation.testcases.CIMSTestSuite" time="71.806" errors="0" timestamp="2022-08-14T18:15:34 IST" skipped="1">
  <testcase classname="com.automation.testcases.CIMSTestSuite" name="PropertyLoanRepaymentCalculator" time="71.806"/>
  <system-out/>
  <testcase classname="com.automation.testcases.CIMSTestSuite" name="OctoTravelVisaFlightsDeals">
    <skipped/>
  </testcase> <!-- OctoTravelVisaFlightsDeals -->
  <system-out/>
</testsuite> <!-- com.automation.testcases.CIMSTestSuite -->
