<?xml version="1.0" encoding="UTF-8"?>
<!-- Generated by org.testng.reporters.JUnitReportReporter -->
<testsuite hostname="MA" failures="0" tests="1" name="com.automation.testcases.CIMSTestSuite_TC02" time="127.219" errors="0" timestamp="2022-08-14T22:12:43 IST" skipped="0">
  <testcase classname="com.automation.testcases.CIMSTestSuite_TC02" name="PropertyLoanRepaymentCalculator" time="127.219"/>
  <system-out/>
</testsuite> <!-- com.automation.testcases.CIMSTestSuite_TC02 -->
