<?xml version="1.0" encoding="UTF-8"?>
<!-- Generated by org.testng.reporters.JUnitReportReporter -->
<testsuite hostname="MA" failures="0" tests="1" name="com.automation.testcases.CIMSTestSuite_TC01" time="216.392" errors="0" timestamp="2022-08-14T22:12:43 IST" skipped="0">
  <testcase classname="com.automation.testcases.CIMSTestSuite_TC01" name="OctoTravelVisaFlightsDeals" time="216.392"/>
  <system-out/>
</testsuite> <!-- com.automation.testcases.CIMSTestSuite_TC01 -->
